[0.412s] Invoking command in '/home/ansh/Desktop/lidar_only_ws/src/lidar_only': PYTHONPATH=/home/ansh/Desktop/lidar_only_ws/build/lidar_only/prefix_override:/usr/lib/python3/dist-packages/colcon_core/task/python/colcon_distutils_commands:/home/ansh/Desktop/lidar_only_ws/install/lidar_only/lib/python3.10/site-packages:${PYTHONPATH} /usr/bin/python3 -W ignore:setup.py install is deprecated -W ignore:easy_install command is deprecated setup.py egg_info --egg-base ../../build/lidar_only build --build-base /home/ansh/Desktop/lidar_only_ws/build/lidar_only/build install --record /home/ansh/Desktop/lidar_only_ws/build/lidar_only/install.log --single-version-externally-managed install_data
[0.553s] running egg_info
[0.553s] writing ../../build/lidar_only/lidar_only.egg-info/PKG-INFO
[0.554s] writing dependency_links to ../../build/lidar_only/lidar_only.egg-info/dependency_links.txt
[0.554s] writing entry points to ../../build/lidar_only/lidar_only.egg-info/entry_points.txt
[0.554s] writing requirements to ../../build/lidar_only/lidar_only.egg-info/requires.txt
[0.554s] writing top-level names to ../../build/lidar_only/lidar_only.egg-info/top_level.txt
[0.555s] reading manifest file '../../build/lidar_only/lidar_only.egg-info/SOURCES.txt'
[0.557s] writing manifest file '../../build/lidar_only/lidar_only.egg-info/SOURCES.txt'
[0.557s] running build
[0.557s] running build_py
[0.557s] copying lidar_only/cone_new.py -> /home/ansh/Desktop/lidar_only_ws/build/lidar_only/build/lib/lidar_only
[0.557s] running install
[0.558s] running install_lib
[0.558s] copying /home/ansh/Desktop/lidar_only_ws/build/lidar_only/build/lib/lidar_only/cone_new.py -> /home/ansh/Desktop/lidar_only_ws/install/lidar_only/lib/python3.10/site-packages/lidar_only
[0.558s] byte-compiling /home/ansh/Desktop/lidar_only_ws/install/lidar_only/lib/python3.10/site-packages/lidar_only/cone_new.py to cone_new.cpython-310.pyc
[0.559s] running install_data
[0.560s] running install_egg_info
[0.561s] removing '/home/ansh/Desktop/lidar_only_ws/install/lidar_only/lib/python3.10/site-packages/lidar_only-0.0.0-py3.10.egg-info' (and everything under it)
[0.561s] Copying ../../build/lidar_only/lidar_only.egg-info to /home/ansh/Desktop/lidar_only_ws/install/lidar_only/lib/python3.10/site-packages/lidar_only-0.0.0-py3.10.egg-info
[0.562s] running install_scripts
[0.575s] Installing actual script to /home/ansh/Desktop/lidar_only_ws/install/lidar_only/lib/lidar_only
[0.575s] Installing cone_new script to /home/ansh/Desktop/lidar_only_ws/install/lidar_only/lib/lidar_only
[0.575s] Installing cones_detector script to /home/ansh/Desktop/lidar_only_ws/install/lidar_only/lib/lidar_only
[0.575s] Installing db_and_ran script to /home/ansh/Desktop/lidar_only_ws/install/lidar_only/lib/lidar_only
[0.575s] Installing final script to /home/ansh/Desktop/lidar_only_ws/install/lidar_only/lib/lidar_only
[0.575s] Installing intensity_checker script to /home/ansh/Desktop/lidar_only_ws/install/lidar_only/lib/lidar_only
[0.575s] writing list of installed files to '/home/ansh/Desktop/lidar_only_ws/build/lidar_only/install.log'
[0.590s] Invoked command in '/home/ansh/Desktop/lidar_only_ws/src/lidar_only' returned '0': PYTHONPATH=/home/ansh/Desktop/lidar_only_ws/build/lidar_only/prefix_override:/usr/lib/python3/dist-packages/colcon_core/task/python/colcon_distutils_commands:/home/ansh/Desktop/lidar_only_ws/install/lidar_only/lib/python3.10/site-packages:${PYTHONPATH} /usr/bin/python3 -W ignore:setup.py install is deprecated -W ignore:easy_install command is deprecated setup.py egg_info --egg-base ../../build/lidar_only build --build-base /home/ansh/Desktop/lidar_only_ws/build/lidar_only/build install --record /home/ansh/Desktop/lidar_only_ws/build/lidar_only/install.log --single-version-externally-managed install_data
