[0.494s] Invoking command in '/home/ansh/Desktop/lidar_only_ws/src/lidar_only': PYTHONPATH=/home/ansh/Desktop/lidar_only_ws/build/lidar_only/prefix_override:/usr/lib/python3/dist-packages/colcon_core/task/python/colcon_distutils_commands:/home/ansh/Desktop/lidar_only_ws/install/lidar_only/lib/python3.10/site-packages:${PYTHONPATH} /usr/bin/python3 -W ignore:setup.py install is deprecated -W ignore:easy_install command is deprecated setup.py egg_info --egg-base ../../build/lidar_only build --build-base /home/ansh/Desktop/lidar_only_ws/build/lidar_only/build install --record /home/ansh/Desktop/lidar_only_ws/build/lidar_only/install.log --single-version-externally-managed install_data
[0.670s] running egg_info
[0.671s] writing ../../build/lidar_only/lidar_only.egg-info/PKG-INFO
[0.672s] writing dependency_links to ../../build/lidar_only/lidar_only.egg-info/dependency_links.txt
[0.672s] writing entry points to ../../build/lidar_only/lidar_only.egg-info/entry_points.txt
[0.672s] writing requirements to ../../build/lidar_only/lidar_only.egg-info/requires.txt
[0.672s] writing top-level names to ../../build/lidar_only/lidar_only.egg-info/top_level.txt
[0.673s] reading manifest file '../../build/lidar_only/lidar_only.egg-info/SOURCES.txt'
[0.674s] writing manifest file '../../build/lidar_only/lidar_only.egg-info/SOURCES.txt'
[0.674s] running build
[0.674s] running build_py
[0.674s] copying lidar_only/final.py -> /home/ansh/Desktop/lidar_only_ws/build/lidar_only/build/lib/lidar_only
[0.675s] running install
[0.675s] running install_lib
[0.676s] copying /home/ansh/Desktop/lidar_only_ws/build/lidar_only/build/lib/lidar_only/final.py -> /home/ansh/Desktop/lidar_only_ws/install/lidar_only/lib/python3.10/site-packages/lidar_only
[0.676s] byte-compiling /home/ansh/Desktop/lidar_only_ws/install/lidar_only/lib/python3.10/site-packages/lidar_only/final.py to final.cpython-310.pyc
[0.677s] running install_data
[0.677s] running install_egg_info
[0.679s] removing '/home/ansh/Desktop/lidar_only_ws/install/lidar_only/lib/python3.10/site-packages/lidar_only-0.0.0-py3.10.egg-info' (and everything under it)
[0.679s] Copying ../../build/lidar_only/lidar_only.egg-info to /home/ansh/Desktop/lidar_only_ws/install/lidar_only/lib/python3.10/site-packages/lidar_only-0.0.0-py3.10.egg-info
[0.680s] running install_scripts
[0.695s] Installing actual_detector script to /home/ansh/Desktop/lidar_only_ws/install/lidar_only/lib/lidar_only
[0.695s] Installing cone_new script to /home/ansh/Desktop/lidar_only_ws/install/lidar_only/lib/lidar_only
[0.695s] Installing cones_detector script to /home/ansh/Desktop/lidar_only_ws/install/lidar_only/lib/lidar_only
[0.695s] Installing db_and_ran script to /home/ansh/Desktop/lidar_only_ws/install/lidar_only/lib/lidar_only
[0.695s] Installing final script to /home/ansh/Desktop/lidar_only_ws/install/lidar_only/lib/lidar_only
[0.695s] Installing intensity_checker script to /home/ansh/Desktop/lidar_only_ws/install/lidar_only/lib/lidar_only
[0.695s] writing list of installed files to '/home/ansh/Desktop/lidar_only_ws/build/lidar_only/install.log'
[0.715s] Invoked command in '/home/ansh/Desktop/lidar_only_ws/src/lidar_only' returned '0': PYTHONPATH=/home/ansh/Desktop/lidar_only_ws/build/lidar_only/prefix_override:/usr/lib/python3/dist-packages/colcon_core/task/python/colcon_distutils_commands:/home/ansh/Desktop/lidar_only_ws/install/lidar_only/lib/python3.10/site-packages:${PYTHONPATH} /usr/bin/python3 -W ignore:setup.py install is deprecated -W ignore:easy_install command is deprecated setup.py egg_info --egg-base ../../build/lidar_only build --build-base /home/ansh/Desktop/lidar_only_ws/build/lidar_only/build install --record /home/ansh/Desktop/lidar_only_ws/build/lidar_only/install.log --single-version-externally-managed install_data
