[0.450s] Invoking command in '/home/ansh/Desktop/lidar_only_ws/src/lidar_only': PYTHONPATH=/home/ansh/Desktop/lidar_only_ws/build/lidar_only/prefix_override:/usr/lib/python3/dist-packages/colcon_core/task/python/colcon_distutils_commands:/home/ansh/Desktop/lidar_only_ws/install/lidar_only/lib/python3.10/site-packages:${PYTHONPATH} /usr/bin/python3 -W ignore:setup.py install is deprecated -W ignore:easy_install command is deprecated setup.py egg_info --egg-base ../../build/lidar_only build --build-base /home/ansh/Desktop/lidar_only_ws/build/lidar_only/build install --record /home/ansh/Desktop/lidar_only_ws/build/lidar_only/install.log --single-version-externally-managed install_data
[0.617s] running egg_info
[0.617s] writing ../../build/lidar_only/lidar_only.egg-info/PKG-INFO
[0.618s] writing dependency_links to ../../build/lidar_only/lidar_only.egg-info/dependency_links.txt
[0.618s] writing entry points to ../../build/lidar_only/lidar_only.egg-info/entry_points.txt
[0.618s] writing requirements to ../../build/lidar_only/lidar_only.egg-info/requires.txt
[0.618s] writing top-level names to ../../build/lidar_only/lidar_only.egg-info/top_level.txt
[0.619s] reading manifest file '../../build/lidar_only/lidar_only.egg-info/SOURCES.txt'
[0.621s] writing manifest file '../../build/lidar_only/lidar_only.egg-info/SOURCES.txt'
[0.621s] running build
[0.621s] running build_py
[0.621s] copying lidar_only/actual_detector.py -> /home/ansh/Desktop/lidar_only_ws/build/lidar_only/build/lib/lidar_only
[0.621s] running install
[0.622s] running install_lib
[0.622s] copying /home/ansh/Desktop/lidar_only_ws/build/lidar_only/build/lib/lidar_only/actual_detector.py -> /home/ansh/Desktop/lidar_only_ws/install/lidar_only/lib/python3.10/site-packages/lidar_only
[0.623s] byte-compiling /home/ansh/Desktop/lidar_only_ws/install/lidar_only/lib/python3.10/site-packages/lidar_only/actual_detector.py to actual_detector.cpython-310.pyc
[0.624s] running install_data
[0.624s] running install_egg_info
[0.626s] removing '/home/ansh/Desktop/lidar_only_ws/install/lidar_only/lib/python3.10/site-packages/lidar_only-0.0.0-py3.10.egg-info' (and everything under it)
[0.626s] Copying ../../build/lidar_only/lidar_only.egg-info to /home/ansh/Desktop/lidar_only_ws/install/lidar_only/lib/python3.10/site-packages/lidar_only-0.0.0-py3.10.egg-info
[0.627s] running install_scripts
[0.642s] Installing actual_detector script to /home/ansh/Desktop/lidar_only_ws/install/lidar_only/lib/lidar_only
[0.642s] Installing cone_new script to /home/ansh/Desktop/lidar_only_ws/install/lidar_only/lib/lidar_only
[0.642s] Installing cones_detector script to /home/ansh/Desktop/lidar_only_ws/install/lidar_only/lib/lidar_only
[0.642s] Installing db_and_ran script to /home/ansh/Desktop/lidar_only_ws/install/lidar_only/lib/lidar_only
[0.642s] Installing intensity_checker script to /home/ansh/Desktop/lidar_only_ws/install/lidar_only/lib/lidar_only
[0.642s] writing list of installed files to '/home/ansh/Desktop/lidar_only_ws/build/lidar_only/install.log'
[0.658s] Invoked command in '/home/ansh/Desktop/lidar_only_ws/src/lidar_only' returned '0': PYTHONPATH=/home/ansh/Desktop/lidar_only_ws/build/lidar_only/prefix_override:/usr/lib/python3/dist-packages/colcon_core/task/python/colcon_distutils_commands:/home/ansh/Desktop/lidar_only_ws/install/lidar_only/lib/python3.10/site-packages:${PYTHONPATH} /usr/bin/python3 -W ignore:setup.py install is deprecated -W ignore:easy_install command is deprecated setup.py egg_info --egg-base ../../build/lidar_only build --build-base /home/ansh/Desktop/lidar_only_ws/build/lidar_only/build install --record /home/ansh/Desktop/lidar_only_ws/build/lidar_only/install.log --single-version-externally-managed install_data
