[0.517s] Invoking command in '/home/ansh/Desktop/lidar_only_ws/src/lidar_only': PYTHONPATH=/home/ansh/Desktop/lidar_only_ws/build/lidar_only/prefix_override:/usr/lib/python3/dist-packages/colcon_core/task/python/colcon_distutils_commands:/home/ansh/Desktop/lidar_only_ws/install/lidar_only/lib/python3.10/site-packages:${PYTHONPATH} /usr/bin/python3 -W ignore:setup.py install is deprecated -W ignore:easy_install command is deprecated setup.py egg_info --egg-base ../../build/lidar_only build --build-base /home/ansh/Desktop/lidar_only_ws/build/lidar_only/build install --record /home/ansh/Desktop/lidar_only_ws/build/lidar_only/install.log --single-version-externally-managed install_data
[0.707s] running egg_info
[0.708s] writing ../../build/lidar_only/lidar_only.egg-info/PKG-INFO
[0.708s] writing dependency_links to ../../build/lidar_only/lidar_only.egg-info/dependency_links.txt
[0.708s] writing entry points to ../../build/lidar_only/lidar_only.egg-info/entry_points.txt
[0.708s] writing requirements to ../../build/lidar_only/lidar_only.egg-info/requires.txt
[0.708s] writing top-level names to ../../build/lidar_only/lidar_only.egg-info/top_level.txt
[0.710s] reading manifest file '../../build/lidar_only/lidar_only.egg-info/SOURCES.txt'
[0.711s] writing manifest file '../../build/lidar_only/lidar_only.egg-info/SOURCES.txt'
[0.711s] running build
[0.711s] running build_py
[0.711s] running install
[0.711s] running install_lib
[0.712s] running install_data
[0.712s] copying package.xml -> /home/ansh/Desktop/lidar_only_ws/install/lidar_only/share/lidar_only
[0.712s] running install_egg_info
[0.714s] removing '/home/ansh/Desktop/lidar_only_ws/install/lidar_only/lib/python3.10/site-packages/lidar_only-0.0.0-py3.10.egg-info' (and everything under it)
[0.714s] Copying ../../build/lidar_only/lidar_only.egg-info to /home/ansh/Desktop/lidar_only_ws/install/lidar_only/lib/python3.10/site-packages/lidar_only-0.0.0-py3.10.egg-info
[0.715s] running install_scripts
[0.732s] Installing cones_detector script to /home/ansh/Desktop/lidar_only_ws/install/lidar_only/lib/lidar_only
[0.732s] writing list of installed files to '/home/ansh/Desktop/lidar_only_ws/build/lidar_only/install.log'
[0.752s] Invoked command in '/home/ansh/Desktop/lidar_only_ws/src/lidar_only' returned '0': PYTHONPATH=/home/ansh/Desktop/lidar_only_ws/build/lidar_only/prefix_override:/usr/lib/python3/dist-packages/colcon_core/task/python/colcon_distutils_commands:/home/ansh/Desktop/lidar_only_ws/install/lidar_only/lib/python3.10/site-packages:${PYTHONPATH} /usr/bin/python3 -W ignore:setup.py install is deprecated -W ignore:easy_install command is deprecated setup.py egg_info --egg-base ../../build/lidar_only build --build-base /home/ansh/Desktop/lidar_only_ws/build/lidar_only/build install --record /home/ansh/Desktop/lidar_only_ws/build/lidar_only/install.log --single-version-externally-managed install_data
