[1.061s] Invoking command in '/home/ansh/Desktop/lidar_only_ws/src/lidar_only': PYTHONPATH=/home/ansh/Desktop/lidar_only_ws/build/lidar_only/prefix_override:/usr/lib/python3/dist-packages/colcon_core/task/python/colcon_distutils_commands:/home/ansh/Desktop/lidar_only_ws/install/lidar_only/lib/python3.10/site-packages:${PYTHONPATH} /usr/bin/python3 -W ignore:setup.py install is deprecated -W ignore:easy_install command is deprecated setup.py egg_info --egg-base ../../build/lidar_only build --build-base /home/ansh/Desktop/lidar_only_ws/build/lidar_only/build install --record /home/ansh/Desktop/lidar_only_ws/build/lidar_only/install.log --single-version-externally-managed install_data
[1.409s] running egg_info
[1.410s] writing ../../build/lidar_only/lidar_only.egg-info/PKG-INFO
[1.411s] writing dependency_links to ../../build/lidar_only/lidar_only.egg-info/dependency_links.txt
[1.411s] writing entry points to ../../build/lidar_only/lidar_only.egg-info/entry_points.txt
[1.411s] writing requirements to ../../build/lidar_only/lidar_only.egg-info/requires.txt
[1.411s] writing top-level names to ../../build/lidar_only/lidar_only.egg-info/top_level.txt
[1.414s] reading manifest file '../../build/lidar_only/lidar_only.egg-info/SOURCES.txt'
[1.415s] writing manifest file '../../build/lidar_only/lidar_only.egg-info/SOURCES.txt'
[1.415s] running build
[1.416s] running build_py
[1.416s] running install
[1.417s] running install_lib
[1.419s] running install_data
[1.420s] running install_egg_info
[1.422s] removing '/home/ansh/Desktop/lidar_only_ws/install/lidar_only/lib/python3.10/site-packages/lidar_only-0.0.0-py3.10.egg-info' (and everything under it)
[1.423s] Copying ../../build/lidar_only/lidar_only.egg-info to /home/ansh/Desktop/lidar_only_ws/install/lidar_only/lib/python3.10/site-packages/lidar_only-0.0.0-py3.10.egg-info
[1.424s] running install_scripts
[1.459s] Installing actual_detector script to /home/ansh/Desktop/lidar_only_ws/install/lidar_only/lib/lidar_only
[1.459s] Installing cone_new script to /home/ansh/Desktop/lidar_only_ws/install/lidar_only/lib/lidar_only
[1.459s] Installing cones_detector script to /home/ansh/Desktop/lidar_only_ws/install/lidar_only/lib/lidar_only
[1.460s] Installing db_and_ran script to /home/ansh/Desktop/lidar_only_ws/install/lidar_only/lib/lidar_only
[1.460s] Installing final script to /home/ansh/Desktop/lidar_only_ws/install/lidar_only/lib/lidar_only
[1.460s] Installing intensity_checker script to /home/ansh/Desktop/lidar_only_ws/install/lidar_only/lib/lidar_only
[1.460s] writing list of installed files to '/home/ansh/Desktop/lidar_only_ws/build/lidar_only/install.log'
[1.499s] Invoked command in '/home/ansh/Desktop/lidar_only_ws/src/lidar_only' returned '0': PYTHONPATH=/home/ansh/Desktop/lidar_only_ws/build/lidar_only/prefix_override:/usr/lib/python3/dist-packages/colcon_core/task/python/colcon_distutils_commands:/home/ansh/Desktop/lidar_only_ws/install/lidar_only/lib/python3.10/site-packages:${PYTHONPATH} /usr/bin/python3 -W ignore:setup.py install is deprecated -W ignore:easy_install command is deprecated setup.py egg_info --egg-base ../../build/lidar_only build --build-base /home/ansh/Desktop/lidar_only_ws/build/lidar_only/build install --record /home/ansh/Desktop/lidar_only_ws/build/lidar_only/install.log --single-version-externally-managed install_data
