/home/ansh/Desktop/lidar_only_ws/install/lidar_only/lib/python3.10/site-packages/lidar_only/cone_new.py
/home/ansh/Desktop/lidar_only_ws/install/lidar_only/lib/python3.10/site-packages/lidar_only/__init__.py
/home/ansh/Desktop/lidar_only_ws/install/lidar_only/lib/python3.10/site-packages/lidar_only/intensity_checker.py
/home/ansh/Desktop/lidar_only_ws/install/lidar_only/lib/python3.10/site-packages/lidar_only/db_and_ran.py
/home/ansh/Desktop/lidar_only_ws/install/lidar_only/lib/python3.10/site-packages/lidar_only/actual_detector+visualise.py
/home/ansh/Desktop/lidar_only_ws/install/lidar_only/lib/python3.10/site-packages/lidar_only/final.py
/home/ansh/Desktop/lidar_only_ws/install/lidar_only/lib/python3.10/site-packages/lidar_only/cones_detector.py
/home/ansh/Desktop/lidar_only_ws/install/lidar_only/lib/python3.10/site-packages/lidar_only/__pycache__/cone_new.cpython-310.pyc
/home/ansh/Desktop/lidar_only_ws/install/lidar_only/lib/python3.10/site-packages/lidar_only/__pycache__/__init__.cpython-310.pyc
/home/ansh/Desktop/lidar_only_ws/install/lidar_only/lib/python3.10/site-packages/lidar_only/__pycache__/intensity_checker.cpython-310.pyc
/home/ansh/Desktop/lidar_only_ws/install/lidar_only/lib/python3.10/site-packages/lidar_only/__pycache__/db_and_ran.cpython-310.pyc
/home/ansh/Desktop/lidar_only_ws/install/lidar_only/lib/python3.10/site-packages/lidar_only/__pycache__/actual_detector+visualise.cpython-310.pyc
/home/ansh/Desktop/lidar_only_ws/install/lidar_only/lib/python3.10/site-packages/lidar_only/__pycache__/final.cpython-310.pyc
/home/ansh/Desktop/lidar_only_ws/install/lidar_only/lib/python3.10/site-packages/lidar_only/__pycache__/cones_detector.cpython-310.pyc
/home/ansh/Desktop/lidar_only_ws/install/lidar_only/share/ament_index/resource_index/packages/lidar_only
/home/ansh/Desktop/lidar_only_ws/install/lidar_only/share/lidar_only/package.xml
/home/ansh/Desktop/lidar_only_ws/install/lidar_only/lib/python3.10/site-packages/lidar_only-0.0.0-py3.10.egg-info/PKG-INFO
/home/ansh/Desktop/lidar_only_ws/install/lidar_only/lib/python3.10/site-packages/lidar_only-0.0.0-py3.10.egg-info/zip-safe
/home/ansh/Desktop/lidar_only_ws/install/lidar_only/lib/python3.10/site-packages/lidar_only-0.0.0-py3.10.egg-info/dependency_links.txt
/home/ansh/Desktop/lidar_only_ws/install/lidar_only/lib/python3.10/site-packages/lidar_only-0.0.0-py3.10.egg-info/top_level.txt
/home/ansh/Desktop/lidar_only_ws/install/lidar_only/lib/python3.10/site-packages/lidar_only-0.0.0-py3.10.egg-info/requires.txt
/home/ansh/Desktop/lidar_only_ws/install/lidar_only/lib/python3.10/site-packages/lidar_only-0.0.0-py3.10.egg-info/SOURCES.txt
/home/ansh/Desktop/lidar_only_ws/install/lidar_only/lib/python3.10/site-packages/lidar_only-0.0.0-py3.10.egg-info/entry_points.txt
/home/ansh/Desktop/lidar_only_ws/install/lidar_only/lib/lidar_only/actual_detector
/home/ansh/Desktop/lidar_only_ws/install/lidar_only/lib/lidar_only/cone_new
/home/ansh/Desktop/lidar_only_ws/install/lidar_only/lib/lidar_only/cones_detector
/home/ansh/Desktop/lidar_only_ws/install/lidar_only/lib/lidar_only/db_and_ran
/home/ansh/Desktop/lidar_only_ws/install/lidar_only/lib/lidar_only/final
/home/ansh/Desktop/lidar_only_ws/install/lidar_only/lib/lidar_only/intensity_checker
